<?xml version="1.0" encoding="UTF-8"?>
<!-- Generated by org.testng.reporters.JUnitXMLReporter -->
<testsuite ignored="21" hostname="sivarajs-MacBook-Air.local" failures="3" tests="37" name="Test" time="840.64" errors="0" timestamp="18 Jul 2024 04:48:32 GMT">
  <testcase classname="com.myiqai.testCases.Add_users" name="add_newUsers" time="7.278"/>
  <testcase classname="com.myiqai.testCases.Add_users" name="addNewUser" time="10.337"/>
  <testcase classname="com.myiqai.testCases.Add_users" name="addNewUser" time="10.264"/>
  <testcase classname="com.myiqai.testCases.Add_users" name="addNewUser" time="10.355"/>
  <testcase classname="com.myiqai.testCases.Add_organisation" name="add_org" time="4.291"/>
  <testcase classname="com.myiqai.testCases.Add_organisation" name="add_organisation" time="23.354"/>
  <testcase classname="com.myiqai.testCases.Add_organisation" name="add_organisation" time="22.522"/>
  <testcase classname="com.myiqai.testCases.Add_organisation" name="add_organisation" time="22.56"/>
  <testcase classname="com.myiqai.testCases.Add_organisation" name="add_organisation" time="22.526"/>
  <testcase classname="com.myiqai.testCases.Role_Creation" name="role_creation" time="1.389"/>
  <testcase classname="com.myiqai.testCases.Role_Creation" name="roleCreation" time="11.562"/>
  <testcase classname="com.myiqai.testCases.Role_Creation" name="roleCreation" time="11.435"/>
  <testcase classname="com.myiqai.testCases.Role_Creation" name="roleCreation" time="11.03"/>
  <testcase classname="com.myiqai.testCases.Role_Creation" name="roleCreation" time="10.696"/>
  <testcase classname="com.myiqai.testCases.Role_Creation" name="roleCreation" time="10.851"/>
  <testcase classname="com.myiqai.testCases.Rule_master" name="rule_Mas" time="4.385"/>
  <testcase classname="com.myiqai.testCases.Rule_master" name="rule_master" time="30.49"/>
  <testcase classname="com.myiqai.testCases.Rule_master" name="rule_master" time="27.744"/>
  <testcase classname="com.myiqai.testCases.Rule_master" name="rule_master" time="39.251"/>
  <testcase classname="com.myiqai.testCases.Rule_master" name="rule_master" time="24.781"/>
  <testcase classname="com.myiqai.testCases.Rule_master" name="rule_master" time="11.617"/>
  <testcase classname="com.myiqai.testCases.Manual_uploading" name="manual_Uploading" time="28.626"/>
  <testcase classname="com.myiqai.testCases.Email_config" name="emailConfig" time="40.436"/>
  <testcase classname="com.myiqai.testCases.Target_config" name="targetconfig" time="15.196"/>
  <testcase classname="com.myiqai.testCases.Id_Configuration" name="idConfig" time="23.051"/>
  <testcase classname="com.myiqai.testCases.Email_template" name="emailTemplate" time="17.245"/>
  <testcase classname="com.myiqai.testCases.Folder_config" name="folderConfig" time="39.912"/>
  <testcase classname="com.myiqai.testCases.Priority_Configuration" name="priorityConfig" time="11.479"/>
  <testcase classname="com.myiqai.testCases.Invoice_List" name="Invoicelist" time="49.236"/>
  <testcase classname="com.myiqai.testCases.Document_typeSetup" name="docsetUP" time="17.486"/>
  <testcase classname="com.myiqai.testCases.Transfer_ownership" name="transferownership" time="6.825">
    <failure type="org.openqa.selenium.ElementClickInterceptedException" message="element click intercepted: Element &amp;lt;button class=&amp;quot;bg-light-20 px-[34px] py-2 text-base text-white rounded-[8px] &amp;quot; title=&amp;quot;...&amp;quot;&amp;gt;Save&amp;lt;/button&amp;gt; is not clickable at point (572, 462). Other element would receive the click: &amp;lt;li class=&amp;quot;MuiButtonBase-root MuiMenuItem-root MuiMenuItem-gutters MuiMenuItem-root MuiMenuItem-gutters css-1km1ehz&amp;quot; tabindex=&amp;quot;-1&amp;quot; role=&amp;quot;option&amp;quot; name=&amp;quot;orgName&amp;quot; aria-selected=&amp;quot;false&amp;quot; data-value=&amp;quot;707&amp;quot;&amp;gt;...&amp;lt;/li&amp;gt;
  (Session info: chrome=126.0.6478.128)
Build info: version: &amp;apos;3.141.59&amp;apos;, revision: &amp;apos;e82be7d358&amp;apos;, time: &amp;apos;2018-11-14T08:17:03&amp;apos;
System info: host: &amp;apos;sivarajs-MacBook-Air.local&amp;apos;, ip: &amp;apos;fe80:0:0:0:fd:401d:1be:c8a7%en0&amp;apos;, os.name: &amp;apos;Mac OS X&amp;apos;, os.arch: &amp;apos;aarch64&amp;apos;, os.version: &amp;apos;13.5.2&amp;apos;, java.version: &amp;apos;17.0.5&amp;apos;
Driver info: org.openqa.selenium.chrome.ChromeDriver
Capabilities {acceptInsecureCerts: false, browserName: chrome, browserVersion: 126.0.6478.128, chrome: {chromedriverVersion: 126.0.6478.182 (5b5d8292ddf..., userDataDir: /var/folders/dt/60xjg_xj33b...}, fedcm:accounts: true, goog:chromeOptions: {debuggerAddress: localhost:50575}, javascriptEnabled: true, networkConnectionEnabled: false, pageLoadStrategy: normal, platform: MAC, platformName: MAC, proxy: Proxy(), setWindowRect: true, strictFileInteractability: false, timeouts: {implicit: 0, pageLoad: 300000, script: 30000}, unhandledPromptBehavior: dismiss and notify, webauthn:extension:credBlob: true, webauthn:extension:largeBlob: true, webauthn:extension:minPinLength: true, webauthn:extension:prf: true, webauthn:virtualAuthenticators: true}
Session ID: d550d268625c393da28a62cd20b171c8">
      <![CDATA[org.openqa.selenium.ElementClickInterceptedException: element click intercepted: Element <button class="bg-light-20 px-[34px] py-2 text-base text-white rounded-[8px] " title="...">Save</button> is not clickable at point (572, 462). Other element would receive the click: <li class="MuiButtonBase-root MuiMenuItem-root MuiMenuItem-gutters MuiMenuItem-root MuiMenuItem-gutters css-1km1ehz" tabindex="-1" role="option" name="orgName" aria-selected="false" data-value="707">...</li>
  (Session info: chrome=126.0.6478.128)
Build info: version: '3.141.59', revision: 'e82be7d358', time: '2018-11-14T08:17:03'
System info: host: 'sivarajs-MacBook-Air.local', ip: 'fe80:0:0:0:fd:401d:1be:c8a7%en0', os.name: 'Mac OS X', os.arch: 'aarch64', os.version: '13.5.2', java.version: '17.0.5'
Driver info: org.openqa.selenium.chrome.ChromeDriver
Capabilities {acceptInsecureCerts: false, browserName: chrome, browserVersion: 126.0.6478.128, chrome: {chromedriverVersion: 126.0.6478.182 (5b5d8292ddf..., userDataDir: /var/folders/dt/60xjg_xj33b...}, fedcm:accounts: true, goog:chromeOptions: {debuggerAddress: localhost:50575}, javascriptEnabled: true, networkConnectionEnabled: false, pageLoadStrategy: normal, platform: MAC, platformName: MAC, proxy: Proxy(), setWindowRect: true, strictFileInteractability: false, timeouts: {implicit: 0, pageLoad: 300000, script: 30000}, unhandledPromptBehavior: dismiss and notify, webauthn:extension:credBlob: true, webauthn:extension:largeBlob: true, webauthn:extension:minPinLength: true, webauthn:extension:prf: true, webauthn:virtualAuthenticators: true}
Session ID: d550d268625c393da28a62cd20b171c8
at org.openqa.selenium.remote.http.W3CHttpResponseCodec.createException(W3CHttpResponseCodec.java:187)
at org.openqa.selenium.remote.http.W3CHttpResponseCodec.decode(W3CHttpResponseCodec.java:122)
at org.openqa.selenium.remote.http.W3CHttpResponseCodec.decode(W3CHttpResponseCodec.java:49)
at org.openqa.selenium.remote.HttpCommandExecutor.execute(HttpCommandExecutor.java:158)
at org.openqa.selenium.remote.service.DriverCommandExecutor.execute(DriverCommandExecutor.java:83)
at org.openqa.selenium.remote.RemoteWebDriver.execute(RemoteWebDriver.java:552)
at org.openqa.selenium.remote.RemoteWebElement.execute(RemoteWebElement.java:285)
at org.openqa.selenium.remote.RemoteWebElement.click(RemoteWebElement.java:84)
at org.openqa.selenium.support.pagefactory.internal.LocatingElementHandler.invoke(LocatingElementHandler.java:51)
at jdk.proxy2/jdk.proxy2.$Proxy11.click(Unknown Source)
at com.myiqai.pageObjects.TransferOwnership.savebutton(TransferOwnership.java:79)
at com.myiqai.testCases.Transfer_ownership.transferownership(Transfer_ownership.java:17)
... Removed 37 stack frames]]>
    </failure>
  </testcase> <!-- transferownership -->
  <testcase classname="com.myiqai.testCases.Remove_Demo_data" name="removeDemoData" time="11.401"/>
  <testcase classname="com.myiqai.testCases.Accrual_AutomationConfig" name="accrualautomationConfig" time="43.951"/>
  <testcase classname="com.myiqai.testCases.Month_Closing" name="monthclosing" time="24.309"/>
  <testcase classname="com.myiqai.testCases.Task_Id" name="taskId" time="17.866"/>
  <testcase classname="com.myiqai.testCases.Exchange_Rate" name="exchangerate" time="31.318">
    <failure type="org.openqa.selenium.NoSuchElementException" message="no such element: Unable to locate element: {&amp;quot;method&amp;quot;:&amp;quot;xpath&amp;quot;,&amp;quot;selector&amp;quot;:&amp;quot;(//div[@id=&amp;apos;swal2-html-container&amp;apos;])[1]&amp;quot;}
  (Session info: chrome=126.0.6478.128)
For documentation on this error, please visit: https://www.seleniumhq.org/exceptions/no_such_element.html
Build info: version: &amp;apos;3.141.59&amp;apos;, revision: &amp;apos;e82be7d358&amp;apos;, time: &amp;apos;2018-11-14T08:17:03&amp;apos;
System info: host: &amp;apos;sivarajs-MacBook-Air.local&amp;apos;, ip: &amp;apos;fe80:0:0:0:fd:401d:1be:c8a7%en0&amp;apos;, os.name: &amp;apos;Mac OS X&amp;apos;, os.arch: &amp;apos;aarch64&amp;apos;, os.version: &amp;apos;13.5.2&amp;apos;, java.version: &amp;apos;17.0.5&amp;apos;
Driver info: org.openqa.selenium.chrome.ChromeDriver
Capabilities {acceptInsecureCerts: false, browserName: chrome, browserVersion: 126.0.6478.128, chrome: {chromedriverVersion: 126.0.6478.182 (5b5d8292ddf..., userDataDir: /var/folders/dt/60xjg_xj33b...}, fedcm:accounts: true, goog:chromeOptions: {debuggerAddress: localhost:51151}, javascriptEnabled: true, networkConnectionEnabled: false, pageLoadStrategy: normal, platform: MAC, platformName: MAC, proxy: Proxy(), setWindowRect: true, strictFileInteractability: false, timeouts: {implicit: 0, pageLoad: 300000, script: 30000}, unhandledPromptBehavior: dismiss and notify, webauthn:extension:credBlob: true, webauthn:extension:largeBlob: true, webauthn:extension:minPinLength: true, webauthn:extension:prf: true, webauthn:virtualAuthenticators: true}
Session ID: 3a70a97892cc777246c976cc822eeef2
*** Element info: {Using=xpath, value=(//div[@id=&amp;apos;swal2-html-container&amp;apos;])[1]}">
      <![CDATA[org.openqa.selenium.NoSuchElementException: no such element: Unable to locate element: {"method":"xpath","selector":"(//div[@id='swal2-html-container'])[1]"}
  (Session info: chrome=126.0.6478.128)
For documentation on this error, please visit: https://www.seleniumhq.org/exceptions/no_such_element.html
Build info: version: '3.141.59', revision: 'e82be7d358', time: '2018-11-14T08:17:03'
System info: host: 'sivarajs-MacBook-Air.local', ip: 'fe80:0:0:0:fd:401d:1be:c8a7%en0', os.name: 'Mac OS X', os.arch: 'aarch64', os.version: '13.5.2', java.version: '17.0.5'
Driver info: org.openqa.selenium.chrome.ChromeDriver
Capabilities {acceptInsecureCerts: false, browserName: chrome, browserVersion: 126.0.6478.128, chrome: {chromedriverVersion: 126.0.6478.182 (5b5d8292ddf..., userDataDir: /var/folders/dt/60xjg_xj33b...}, fedcm:accounts: true, goog:chromeOptions: {debuggerAddress: localhost:51151}, javascriptEnabled: true, networkConnectionEnabled: false, pageLoadStrategy: normal, platform: MAC, platformName: MAC, proxy: Proxy(), setWindowRect: true, strictFileInteractability: false, timeouts: {implicit: 0, pageLoad: 300000, script: 30000}, unhandledPromptBehavior: dismiss and notify, webauthn:extension:credBlob: true, webauthn:extension:largeBlob: true, webauthn:extension:minPinLength: true, webauthn:extension:prf: true, webauthn:virtualAuthenticators: true}
Session ID: 3a70a97892cc777246c976cc822eeef2
*** Element info: {Using=xpath, value=(//div[@id='swal2-html-container'])[1]}
at org.openqa.selenium.remote.http.W3CHttpResponseCodec.createException(W3CHttpResponseCodec.java:187)
at org.openqa.selenium.remote.http.W3CHttpResponseCodec.decode(W3CHttpResponseCodec.java:122)
at org.openqa.selenium.remote.http.W3CHttpResponseCodec.decode(W3CHttpResponseCodec.java:49)
at org.openqa.selenium.remote.HttpCommandExecutor.execute(HttpCommandExecutor.java:158)
at org.openqa.selenium.remote.service.DriverCommandExecutor.execute(DriverCommandExecutor.java:83)
at org.openqa.selenium.remote.RemoteWebDriver.execute(RemoteWebDriver.java:552)
at org.openqa.selenium.remote.RemoteWebDriver.findElement(RemoteWebDriver.java:323)
at org.openqa.selenium.remote.RemoteWebDriver.findElementByXPath(RemoteWebDriver.java:428)
at org.openqa.selenium.By$ByXPath.findElement(By.java:353)
at org.openqa.selenium.remote.RemoteWebDriver.findElement(RemoteWebDriver.java:315)
at com.myiqai.pageObjects.ExchangeRate.addvendorCurrency(ExchangeRate.java:97)
at com.myiqai.testCases.Exchange_Rate.exchangerate(Exchange_Rate.java:15)
... Removed 34 stack frames]]>
    </failure>
  </testcase> <!-- exchangerate -->
  <testcase classname="com.myiqai.testCases.Accural_Accounting" name="accuralAccounting" time="75.118">
    <failure type="org.openqa.selenium.TimeoutException" message="Expected condition failed: waiting for visibility of element located by By.cssSelector: (//input[@id=&amp;apos;1&amp;apos;])[1] (tried for 50 second(s) with 500 milliseconds interval)">
      <![CDATA[org.openqa.selenium.TimeoutException: Expected condition failed: waiting for visibility of element located by By.cssSelector: (//input[@id='1'])[1] (tried for 50 second(s) with 500 milliseconds interval)
at org.openqa.selenium.support.ui.WebDriverWait.timeoutException(WebDriverWait.java:95)
at org.openqa.selenium.support.ui.FluentWait.until(FluentWait.java:272)
at com.myiqai.pageObjects.AccrualAccounting.accrualdate(AccrualAccounting.java:118)
at com.myiqai.testCases.Accural_Accounting.accuralAccounting(Accural_Accounting.java:17)
Caused by: org.openqa.selenium.InvalidSelectorException: invalid selector
from javascript error: {"status":32,"value":"An invalid or illegal selector was specified"}
  (Session info: chrome=126.0.6478.128)
For documentation on this error, please visit: https://www.seleniumhq.org/exceptions/invalid_selector_exception.html
Build info: version: '3.141.59', revision: 'e82be7d358', time: '2018-11-14T08:17:03'
System info: host: 'sivarajs-MacBook-Air.local', ip: 'fe80:0:0:0:fd:401d:1be:c8a7%en0', os.name: 'Mac OS X', os.arch: 'aarch64', os.version: '13.5.2', java.version: '17.0.5'
Driver info: org.openqa.selenium.chrome.ChromeDriver
Capabilities {acceptInsecureCerts: false, browserName: chrome, browserVersion: 126.0.6478.128, chrome: {chromedriverVersion: 126.0.6478.182 (5b5d8292ddf..., userDataDir: /var/folders/dt/60xjg_xj33b...}, fedcm:accounts: true, goog:chromeOptions: {debuggerAddress: localhost:51308}, javascriptEnabled: true, networkConnectionEnabled: false, pageLoadStrategy: normal, platform: MAC, platformName: MAC, proxy: Proxy(), setWindowRect: true, strictFileInteractability: false, timeouts: {implicit: 0, pageLoad: 300000, script: 30000}, unhandledPromptBehavior: dismiss and notify, webauthn:extension:credBlob: true, webauthn:extension:largeBlob: true, webauthn:extension:minPinLength: true, webauthn:extension:prf: true, webauthn:virtualAuthenticators: true}
Session ID: 459a754ce9e160bc35e26d9c8d33a617
*** Element info: {Using=css selector, value=(//input[@id='1'])[1]}
at org.openqa.selenium.remote.http.W3CHttpResponseCodec.createException(W3CHttpResponseCodec.java:187)
at org.openqa.selenium.remote.http.W3CHttpResponseCodec.decode(W3CHttpResponseCodec.java:122)
at org.openqa.selenium.remote.http.W3CHttpResponseCodec.decode(W3CHttpResponseCodec.java:49)
at org.openqa.selenium.remote.HttpCommandExecutor.execute(HttpCommandExecutor.java:158)
at org.openqa.selenium.remote.service.DriverCommandExecutor.execute(DriverCommandExecutor.java:83)
at org.openqa.selenium.remote.RemoteWebDriver.execute(RemoteWebDriver.java:552)
at org.openqa.selenium.remote.RemoteWebDriver.findElement(RemoteWebDriver.java:323)
at org.openqa.selenium.remote.RemoteWebDriver.findElementByCssSelector(RemoteWebDriver.java:420)
at org.openqa.selenium.By$ByCssSelector.findElement(By.java:431)
at org.openqa.selenium.remote.RemoteWebDriver.findElement(RemoteWebDriver.java:315)
at org.openqa.selenium.support.ui.ExpectedConditions$7.apply(ExpectedConditions.java:205)
at org.openqa.selenium.support.ui.ExpectedConditions$7.apply(ExpectedConditions.java:201)
at org.openqa.selenium.support.ui.FluentWait.until(FluentWait.java:249)
... 31 more
... Removed 33 stack frames]]>
    </failure>
  </testcase> <!-- accuralAccounting -->
  <testcase classname="com.myiqai.base.Base_test" name="@AfterTest driverQuit" time="0.0">
    <ignored/>
  </testcase> <!-- @AfterTest driverQuit -->
  <testcase classname="com.myiqai.base.Base_test" name="@AfterTest driverQuit" time="0.0">
    <ignored/>
  </testcase> <!-- @AfterTest driverQuit -->
  <testcase classname="com.myiqai.base.Base_test" name="@AfterTest driverQuit" time="0.0">
    <ignored/>
  </testcase> <!-- @AfterTest driverQuit -->
  <testcase classname="com.myiqai.base.Base_test" name="@AfterTest driverQuit" time="0.0">
    <ignored/>
  </testcase> <!-- @AfterTest driverQuit -->
  <testcase classname="com.myiqai.base.Base_test" name="@AfterTest driverQuit" time="0.0">
    <ignored/>
  </testcase> <!-- @AfterTest driverQuit -->
  <testcase classname="com.myiqai.base.Base_test" name="@AfterTest driverQuit" time="0.0">
    <ignored/>
  </testcase> <!-- @AfterTest driverQuit -->
  <testcase classname="com.myiqai.base.Base_test" name="@AfterTest driverQuit" time="0.0">
    <ignored/>
  </testcase> <!-- @AfterTest driverQuit -->
  <testcase classname="com.myiqai.base.Base_test" name="@AfterTest driverQuit" time="0.0">
    <ignored/>
  </testcase> <!-- @AfterTest driverQuit -->
  <testcase classname="com.myiqai.base.Base_test" name="@AfterTest driverQuit" time="0.0">
    <ignored/>
  </testcase> <!-- @AfterTest driverQuit -->
  <testcase classname="com.myiqai.base.Base_test" name="@AfterTest driverQuit" time="0.0">
    <ignored/>
  </testcase> <!-- @AfterTest driverQuit -->
  <testcase classname="com.myiqai.base.Base_test" name="@AfterTest driverQuit" time="0.0">
    <ignored/>
  </testcase> <!-- @AfterTest driverQuit -->
  <testcase classname="com.myiqai.base.Base_test" name="@AfterTest driverQuit" time="0.0">
    <ignored/>
  </testcase> <!-- @AfterTest driverQuit -->
  <testcase classname="com.myiqai.base.Base_test" name="@AfterTest driverQuit" time="0.0">
    <ignored/>
  </testcase> <!-- @AfterTest driverQuit -->
  <testcase classname="com.myiqai.base.Base_test" name="@AfterTest driverQuit" time="0.0">
    <ignored/>
  </testcase> <!-- @AfterTest driverQuit -->
  <testcase classname="com.myiqai.base.Base_test" name="@AfterTest driverQuit" time="0.0">
    <ignored/>
  </testcase> <!-- @AfterTest driverQuit -->
  <testcase classname="com.myiqai.base.Base_test" name="@AfterTest driverQuit" time="0.0">
    <ignored/>
  </testcase> <!-- @AfterTest driverQuit -->
  <testcase classname="com.myiqai.base.Base_test" name="@AfterTest driverQuit" time="0.0">
    <ignored/>
  </testcase> <!-- @AfterTest driverQuit -->
  <testcase classname="com.myiqai.base.Base_test" name="@AfterTest driverQuit" time="0.0">
    <ignored/>
  </testcase> <!-- @AfterTest driverQuit -->
  <testcase classname="com.myiqai.base.Base_test" name="@AfterTest driverQuit" time="0.0">
    <ignored/>
  </testcase> <!-- @AfterTest driverQuit -->
  <testcase classname="com.myiqai.base.Base_test" name="@AfterTest driverQuit" time="0.0">
    <ignored/>
  </testcase> <!-- @AfterTest driverQuit -->
  <testcase classname="com.myiqai.base.Base_test" name="@AfterTest driverQuit" time="0.0">
    <ignored/>
  </testcase> <!-- @AfterTest driverQuit -->
</testsuite> <!-- Test -->
